0 info it worked if it ends with ok
1 verbose cli [ 'node', '/usr/local/bin/npm', 'install', 'mongostore', '--save' ]
2 info using npm@1.4.28
3 info using node@v0.10.32
4 warn package.json JobBoard@1.0.0 No description
5 warn package.json JobBoard@1.0.0 No repository field.
6 warn package.json path@0.11.14 path is also the name of a node core module.
7 verbose readDependencies using package.json deps
8 verbose cache add [ 'mongostore', null ]
9 verbose cache add name=undefined spec="mongostore" args=["mongostore",null]
10 verbose parsed url { protocol: null,
10 verbose parsed url   slashes: null,
10 verbose parsed url   auth: null,
10 verbose parsed url   host: null,
10 verbose parsed url   port: null,
10 verbose parsed url   hostname: null,
10 verbose parsed url   hash: null,
10 verbose parsed url   search: null,
10 verbose parsed url   query: null,
10 verbose parsed url   pathname: 'mongostore',
10 verbose parsed url   path: 'mongostore',
10 verbose parsed url   href: 'mongostore' }
11 silly lockFile 2ac0c953-mongostore mongostore
12 verbose lock mongostore /Users/andela/.npm/2ac0c953-mongostore.lock
13 silly lockFile 2ac0c953-mongostore mongostore
14 silly lockFile 2ac0c953-mongostore mongostore
15 verbose addNamed [ 'mongostore', '' ]
16 verbose addNamed [ null, '*' ]
17 silly lockFile b21874d2-mongostore mongostore@
18 verbose lock mongostore@ /Users/andela/.npm/b21874d2-mongostore.lock
19 silly addNameRange { name: 'mongostore', range: '*', hasData: false }
20 verbose request where is /mongostore
21 verbose request registry https://registry.npmjs.org/
22 verbose request id 1fe1f646b26b4bae
23 verbose url raw /mongostore
24 verbose url resolving [ 'https://registry.npmjs.org/', './mongostore' ]
25 verbose url resolved https://registry.npmjs.org/mongostore
26 verbose request where is https://registry.npmjs.org/mongostore
27 info trying registry request attempt 1 at 15:16:44
28 http GET https://registry.npmjs.org/mongostore
29 http 404 https://registry.npmjs.org/mongostore
30 verbose headers { date: 'Thu, 26 Mar 2015 14:16:45 GMT',
30 verbose headers   server: 'CouchDB/1.5.0 (Erlang OTP/R16B03)',
30 verbose headers   'content-type': 'application/json',
30 verbose headers   'cache-control': 'max-age=0',
30 verbose headers   'content-length': '51',
30 verbose headers   'accept-ranges': 'bytes',
30 verbose headers   via: '1.1 varnish',
30 verbose headers   age: '0',
30 verbose headers   'x-served-by': 'cache-ams4124-AMS',
30 verbose headers   'x-cache': 'MISS',
30 verbose headers   'x-cache-hits': '0',
30 verbose headers   'x-timer': 'S1427379405.119043,VS0,VE96',
30 verbose headers   'keep-alive': 'timeout=10, max=50',
30 verbose headers   connection: 'Keep-Alive' }
31 silly registry.get cb [ 404,
31 silly registry.get   { date: 'Thu, 26 Mar 2015 14:16:45 GMT',
31 silly registry.get     server: 'CouchDB/1.5.0 (Erlang OTP/R16B03)',
31 silly registry.get     'content-type': 'application/json',
31 silly registry.get     'cache-control': 'max-age=0',
31 silly registry.get     'content-length': '51',
31 silly registry.get     'accept-ranges': 'bytes',
31 silly registry.get     via: '1.1 varnish',
31 silly registry.get     age: '0',
31 silly registry.get     'x-served-by': 'cache-ams4124-AMS',
31 silly registry.get     'x-cache': 'MISS',
31 silly registry.get     'x-cache-hits': '0',
31 silly registry.get     'x-timer': 'S1427379405.119043,VS0,VE96',
31 silly registry.get     'keep-alive': 'timeout=10, max=50',
31 silly registry.get     connection: 'Keep-Alive' } ]
32 silly lockFile b21874d2-mongostore mongostore@
33 silly lockFile b21874d2-mongostore mongostore@
34 error 404 404 Not Found: mongostore
34 error 404
34 error 404 'mongostore' is not in the npm registry.
34 error 404 You should bug the author to publish it
34 error 404 It was specified as a dependency of 'JobBoard'
34 error 404
34 error 404 Note that you can also install from a
34 error 404 tarball, folder, or http url, or git url.
35 error System Darwin 14.1.0
36 error command "node" "/usr/local/bin/npm" "install" "mongostore" "--save"
37 error cwd /Users/andela/Desktop/jobmon
38 error node -v v0.10.32
39 error npm -v 1.4.28
40 error code E404
41 verbose exit [ 1, true ]
